app/build/outputs/mapping/release/configuration.txt
# The proguard configuration file for the following section is default_proguard_files\global\proguard-android-optimize.txt-8.3.0
# This is a configuration file for ProGuard.
# http://proguard.sourceforge.net/index.html#manual/usage.html
#
# Starting with version 2.2 of the Android plugin for Gradle, this file is distributed together with
# the plugin and unpacked at build-time. The files in $ANDROID_HOME are no longer maintained and
# will be ignored by new version of the Android plugin for Gradle.

# Optimizations: If you don't want to optimize, use the proguard-android.txt configuration file
# instead of this one, which turns off the optimization flags.
-allowaccessmodification

# Preserve some attributes that may be required for reflection.
-keepattributes AnnotationDefault,
                EnclosingMethod,
                InnerClasses,
                RuntimeVisibleAnnotations,
                RuntimeVisibleParameterAnnotations,
                RuntimeVisibleTypeAnnotations,
                Signature

-keep public class com.google.vending.licensing.ILicensingService
-keep public class com.android.vending.licensing.ILicensingService
-keep public class com.google.android.vending.licensing.ILicensingService
-dontnote com.android.vending.licensing.ILicensingService
-dontnote com.google.vending.licensing.ILicensingService
-dontnote com.google.android.vending.licensing.ILicensingService

# For native methods, see https://www.guardsquare.com/manual/configuration/examples#native
-keepclasseswithmembernames,includedescriptorclasses class * {
    native <methods>;
}

# Keep setters in Views so that animations can still work.
-keepclassmembers public class * extends android.view.View {
    void set*(***);
    *** get*();
}

# We want to keep methods in Activity that could be used in the XML attribute onClick.
-keepclassmembers class * extends android.app.Activity {
    public void *(android.view.View);
}

# For enumeration classes, see https://www.guardsquare.com/manual/configuration/examples#enumerations
-keepclassmembers enum * {
    public static **[] values();
    public static ** valueOf(java.lang.String);
}

-keepclassmembers class * implements android.os.Parcelable {
    public static final ** CREATOR;
}

# Preserve annotated Javascript interface methods.
-keepclassmembers class * {
    @android.webkit.JavascriptInterface <methods>;
}

# The support libraries contains references to newer platform versions.
# Don't warn about those in case this app is linking against an older
# platform version. We know about them, and they are safe.
-dontnote android.support.**
-dontnote androidx.**
-dontwarn android.support.**
-dontwarn androidx.**

# Understand the @Keep support annotation.
-keep class android.support.annotation.Keep

-keep @android.support.annotation.Keep class * {*;}

-keepclasseswithmembers class * {
    @android.support.annotation.Keep <methods>;
}

-keepclasseswithmembers class * {
    @android.support.annotation.Keep <fields>;
}

-keepclasseswithmembers class * {
    @android.support.annotation.Keep <init>(...);
}

# These classes are duplicated between android.jar and org.apache.http.legacy.jar.
-dontnote org.apache.http.**
-dontnote android.net.http.**

# These classes are duplicated between android.jar and core-lambda-stubs.jar.
-dontnote java.lang.invoke.**

# End of content from default_proguard_files\global\proguard-android-optimize.txt-8.3.0
# The proguard configuration file for the following section is RevenueAccount\app\proguard-rules.pro
# ===== Retrofit / OkHttp / Gson =====
-dontwarn okhttp3.**
-dontwarn retrofit2.**
-dontwarn okio.**
-keepattributes Signature
-keepattributes *Annotation*
-keepattributes Exceptions
-keep class com.google.gson.** { *; }
-keep class * extends com.google.gson.TypeAdapter
-keep class * implements com.google.gson.TypeAdapterFactory
-keep class * implements com.google.gson.JsonSerializer
-keep class * implements com.google.gson.JsonDeserializer
-keepclassmembers,allowobfuscation class * {
  @com.google.gson.annotations.SerializedName <fields>;
}
-keep,allowobfuscation,allowshrinking interface retrofit2.Call
-keep,allowobfuscation,allowshrinking class retrofit2.Response

# Our own app package - safe to keep in full (small app, negligible size impact,
# avoids any risk of reflection-based fields getting stripped incorrectly)
-keep class com.revenueaccount.app.** { *; }

# ===== Glide (image loading) =====
-keep public class * implements com.bumptech.glide.module.GlideModule
-keep class * extends com.bumptech.glide.module.AppGlideModule
-keep public enum com.bumptech.glide.load.resource.bitmap.ImageHeaderParser$ImageType {
    **[] $VALUES;
    public *;
}
-dontwarn com.bumptech.glide.**

# ===== MPAndroidChart =====
-keep class com.github.mikephil.charting.** { *; }
-dontwarn com.github.mikephil.charting.**

# ===== ZXing barcode scanner =====
-keep class com.google.zxing.** { *; }
-keep class com.journeyapps.barcodescanner.** { *; }
-dontwarn com.google.zxing.**
-dontwarn com.journeyapps.barcodescanner.**

# ===== General Android hygiene =====
-keepattributes SourceFile,LineNumberTable
-keep public class * extends android.app.Activity
-keep public class * extends android.app.Application
-keepclassmembers class * extends android.app.Activity {
   public void *(android.view.View);
}

# End of content from RevenueAccount\app\proguard-rules.pro
# The proguard configuration file for the following section is release\processReleaseResources\aapt_rules.txt
-keep class androidx.core.app.CoreComponentFactory { <init>(); }
-keep class androidx.core.content.FileProvider { <init>(); }
-keep class androidx.profileinstaller.ProfileInstallReceiver { <init>(); }
-keep class androidx.startup.InitializationProvider { <init>(); }
-keep class com.journeyapps.barcodescanner.CaptureActivity { <init>(); }
-keep class com.revenueaccount.app.RevenueAccountApp { <init>(); }
-keep class com.revenueaccount.app.activities.AboutActivity { <init>(); }
-keep class com.revenueaccount.app.activities.ActivityLogActivity { <init>(); }
-keep class com.revenueaccount.app.activities.BackupActivity { <init>(); }
-keep class com.revenueaccount.app.activities.ChangePasswordActivity { <init>(); }
-keep class com.revenueaccount.app.activities.CustomerDetailActivity { <init>(); }
-keep class com.revenueaccount.app.activities.CustomersActivity { <init>(); }
-keep class com.revenueaccount.app.activities.DashboardActivity { <init>(); }
-keep class com.revenueaccount.app.activities.DeliveryActivity { <init>(); }
-keep class com.revenueaccount.app.activities.DeveloperInfoActivity { <init>(); }
-keep class com.revenueaccount.app.activities.EditJobActivity { <init>(); }
-keep class com.revenueaccount.app.activities.ExpensesActivity { <init>(); }
-keep class com.revenueaccount.app.activities.ForgotPasswordActivity { <init>(); }
-keep class com.revenueaccount.app.activities.InventoryActivity { <init>(); }
-keep class com.revenueaccount.app.activities.JobDetailsActivity { <init>(); }
-keep class com.revenueaccount.app.activities.JobsActivity { <init>(); }
-keep class com.revenueaccount.app.activities.KhataActivity { <init>(); }
-keep class com.revenueaccount.app.activities.LoginActivity { <init>(); }
-keep class com.revenueaccount.app.activities.NewJobCardActivity { <init>(); }
-keep class com.revenueaccount.app.activities.NotificationSettingsActivity { <init>(); }
-keep class com.revenueaccount.app.activities.OtpVerifyActivity { <init>(); }
-keep class com.revenueaccount.app.activities.PrintSettingsActivity { <init>(); }
-keep class com.revenueaccount.app.activities.PrivacyPolicyActivity { <init>(); }
-keep class com.revenueaccount.app.activities.RedeemVoucherActivity { <init>(); }
-keep class com.revenueaccount.app.activities.RegisterActivity { <init>(); }
-keep class com.revenueaccount.app.activities.ReportsActivity { <init>(); }
-keep class com.revenueaccount.app.activities.RolesInfoActivity { <init>(); }
-keep class com.revenueaccount.app.activities.SettingsActivity { <init>(); }
-keep class com.revenueaccount.app.activities.ShopProfileActivity { <init>(); }
-keep class com.revenueaccount.app.activities.SplashActivity { <init>(); }
-keep class com.revenueaccount.app.activities.StaffActivity { <init>(); }
-keep class com.revenueaccount.app.activities.SubscriptionActivity { <init>(); }
-keep class com.revenueaccount.app.activities.TemplatesActivity { <init>(); }
-keep class com.revenueaccount.app.activities.UpdateRequiredActivity { <init>(); }
-keep class com.revenueaccount.app.scanner.PortraitCaptureActivity { <init>(); }
-keep class android.widget.Space { <init>(android.content.Context, android.util.AttributeSet); }

-keep class androidx.appcompat.app.AlertController$RecycleListView { <init>(android.content.Context, android.util.AttributeSet); }

-keep class androidx.appcompat.view.menu.ActionMenuItemView { <init>(android.content.Context, android.util.AttributeSet); }

-keep class androidx.appcompat.view.menu.ExpandedMenuView { <init>(android.content.Context, android.util.AttributeSet); }

-keep class androidx.appcompat.view.menu.ListMenuItemView { <init>(android.content.Context, android.util.AttributeSet); }

-keep class androidx.appcompat.widget.ActionBarContainer { <init>(android.content.Context, android.util.AttributeSet); }

-keep class androidx.appcompat.widget.ActionBarContextView { <init>(android.content.Context, android.util.AttributeSet); }

-keep class androidx.appcompat.widget.ActionBarOverlayLayout { <init>(android.content.Context, android.util.AttributeSet); }

-keep class androidx.appcompat.widget.ActionMenuView { <init>(android.content.Context, android.util.AttributeSet); }

-keep class androidx.appcompat.widget.ActivityChooserView$InnerLayout { <init>(android.content.Context, android.util.AttributeSet); }

-keep class androidx.appcompat.widget.AlertDialogLayout { <init>(android.content.Context, android.util.AttributeSet); }

-keep class androidx.appcompat.widget.ButtonBarLayout { <init>(android.content.Context, android.util.AttributeSet); }

-keep class androidx.appcompat.widget.ContentFrameLayout { <init>(android.content.Context, android.util.AttributeSet); }

-keep class androidx.appcompat.widget.DialogTitle { <init>(android.content.Context, android.util.AttributeSet); }

-keep class androidx.appcompat.widget.FitWindowsFrameLayout { <init>(android.content.Context, android.util.AttributeSet); }

-keep class androidx.appcompat.widget.FitWindowsLinearLayout { <init>(android.content.Context, android.util.AttributeSet); }

-keep class androidx.appcompat.widget.SearchView$SearchAutoComplete { <init>(android.content.Context, android.util.AttributeSet); }

-keep class androidx.appcompat.widget.Toolbar { <init>(android.content.Context, android.util.AttributeSet); }

-keep class androidx.appcompat.widget.ViewStubCompat { <init>(android.content.Context, android.util.AttributeSet); }

-keep class androidx.constraintlayout.helper.widget.Flow { <init>(android.content.Context, android.util.AttributeSet); }

-keep class androidx.constraintlayout.widget.ConstraintLayout { <init>(android.content.Context, android.util.AttributeSet); }

-keep class androidx.coordinatorlayout.widget.CoordinatorLayout { <init>(android.content.Context, android.util.AttributeSet); }

-keep class androidx.core.widget.NestedScrollView { <init>(android.content.Context, android.util.AttributeSet); }

-keep class androidx.fragment.app.FragmentContainerView { <init>(android.content.Context, android.util.AttributeSet); }

-keep class androidx.recyclerview.widget.RecyclerView { <init>(android.content.Context, android.util.AttributeSet); }

-keep class androidx.swiperefreshlayout.widget.SwipeRefreshLayout { <init>(android.content.Context, android.util.AttributeSet); }

-keep class com.github.mikephil.charting.charts.LineChart { <init>(android.content.Context, android.util.AttributeSet); }

-keep class com.github.mikephil.charting.charts.PieChart { <init>(android.content.Context, android.util.AttributeSet); }

-keep class com.google.android.material.appbar.MaterialToolbar { <init>(android.content.Context, android.util.AttributeSet); }

-keep class com.google.android.material.bottomnavigation.BottomNavigationView { <init>(android.content.Context, android.util.AttributeSet); }

-keep class com.google.android.material.button.MaterialButton { <init>(android.content.Context, android.util.AttributeSet); }

-keep class com.google.android.material.button.MaterialButtonToggleGroup { <init>(android.content.Context, android.util.AttributeSet); }

-keep class com.google.android.material.card.MaterialCardView { <init>(android.content.Context, android.util.AttributeSet); }

-keep class com.google.android.material.chip.Chip { <init>(android.content.Context, android.util.AttributeSet); }

-keep class com.google.android.material.chip.ChipGroup { <init>(android.content.Context, android.util.AttributeSet); }

-keep class com.google.android.material.datepicker.MaterialCalendarGridView { <init>(android.content.Context, android.util.AttributeSet); }

-keep class com.google.android.material.floatingactionbutton.FloatingActionButton { <init>(android.content.Context, android.util.AttributeSet); }

-keep class com.google.android.material.internal.BaselineLayout { <init>(android.content.Context, android.util.AttributeSet); }

-keep class com.google.android.material.internal.CheckableImageButton { <init>(android.content.Context, android.util.AttributeSet); }

-keep class com.google.android.material.internal.ClippableRoundedCornerLayout { <init>(android.content.Context, android.util.AttributeSet); }

-keep class com.google.android.material.internal.NavigationMenuItemView { <init>(android.content.Context, android.util.AttributeSet); }

-keep class com.google.android.material.internal.NavigationMenuView { <init>(android.content.Context, android.util.AttributeSet); }

-keep class com.google.android.material.internal.TouchObserverFrameLayout { <init>(android.content.Context, android.util.AttributeSet); }

-keep class com.google.android.material.materialswitch.MaterialSwitch { <init>(android.content.Context, android.util.AttributeSet); }

-keep class com.google.android.material.snackbar.Snackbar$SnackbarLayout { <init>(android.content.Context, android.util.AttributeSet); }

-keep class com.google.android.material.snackbar.SnackbarContentLayout { <init>(android.content.Context, android.util.AttributeSet); }

-keep class com.google.android.material.switchmaterial.SwitchMaterial { <init>(android.content.Context, android.util.AttributeSet); }

-keep class com.google.android.material.textfield.TextInputEditText { <init>(android.content.Context, android.util.AttributeSet); }

-keep class com.google.android.material.textfield.TextInputLayout { <init>(android.content.Context, android.util.AttributeSet); }

-keep class com.google.android.material.timepicker.ChipTextInputComboView { <init>(android.content.Context, android.util.AttributeSet); }

-keep class com.google.android.material.timepicker.ClockFaceView { <init>(android.content.Context, android.util.AttributeSet); }

-keep class com.google.android.material.timepicker.ClockHandView { <init>(android.content.Context, android.util.AttributeSet); }

-keep class com.google.android.material.timepicker.TimePickerView { <init>(android.content.Context, android.util.AttributeSet); }

-keep class com.journeyapps.barcodescanner.BarcodeView { <init>(android.content.Context, android.util.AttributeSet); }

-keep class com.journeyapps.barcodescanner.DecoratedBarcodeView { <init>(android.content.Context, android.util.AttributeSet); }

-keep class com.journeyapps.barcodescanner.ViewfinderView { <init>(android.content.Context, android.util.AttributeSet); }

-keep class com.revenueaccount.app.widgets.PatternLockView { <init>(android.content.Context, android.util.AttributeSet); }


# End of content from release\processReleaseResources\aapt_rules.txt
# The proguard configuration file for the following section is META-INF\proguard\gson.pro
### Gson ProGuard and R8 rules which are relevant for all users
### This file is automatically recognized by ProGuard and R8, see https://developer.android.com/build/shrink-code#configuration-files
###
### IMPORTANT:
### - These rules are additive; don't include anything here which is not specific to Gson (such as completely
###   disabling obfuscation for all classes); the user would be unable to disable that then
### - These rules are not complete; users will most likely have to add additional rules for their specific
###   classes, for example to disable obfuscation for certain fields or to keep no-args constructors
###

# Keep generic signatures; needed for correct type resolution
-keepattributes Signature

# Keep Gson annotations
# Note: Cannot perform finer selection here to only cover Gson annotations, see also https://stackoverflow.com/q/47515093
-keepattributes RuntimeVisibleAnnotations,AnnotationDefault

### The following rules are needed for R8 in "full mode" which only adheres to `-keepattribtues` if
### the corresponding class or field is matches by a `-keep` rule as well, see
### https://r8.googlesource.com/r8/+/refs/heads/main/compatibility-faq.md#r8-full-mode

# Keep class TypeToken (respectively its generic signature) if present
-if class com.google.gson.reflect.TypeToken
-keep,allowobfuscation class com.google.gson.reflect.TypeToken

# Keep any (anonymous) classes extending TypeToken
-keep,allowobfuscation class * extends com.google.gson.reflect.TypeToken

# Keep classes with @JsonAdapter annotation
-keep,allowobfuscation,allowoptimization @com.google.gson.annotations.JsonAdapter class *

# Keep fields with any other Gson annotation
# Also allow obfuscation, assuming that users will additionally use @SerializedName or
# other means to preserve the field names
-keepclassmembers,allowobfuscation class * {
  @com.google.gson.annotations.Expose <fields>;
  @com.google.gson.annotations.JsonAdapter <fields>;
  @com.google.gson.annotations.Since <fields>;
  @com.google.gson.annotations.Until <fields>;
}

# Keep no-args constructor of classes which can be used with @JsonAdapter
# By default their no-args constructor is invoked to create an adapter instance
-keepclassmembers class * extends com.google.gson.TypeAdapter {
  <init>();
}
-keepclassmembers class * implements com.google.gson.TypeAdapterFactory {
  <init>();
}
-keepclassmembers class * implements com.google.gson.JsonSerializer {
  <init>();
}
-keepclassmembers class * implements com.google.gson.JsonDeserializer {
  <init>();
}

# Keep fields annotated with @SerializedName for classes which are referenced.
# If classes with fields annotated with @SerializedName have a no-args
# constructor keep that as well. Based on
# https://issuetracker.google.com/issues/150189783#comment11.
# See also https://github.com/google/gson/pull/2420#discussion_r1241813541
# for a more detailed explanation.
-if class *
-keepclasseswithmembers,allowobfuscation class <1> {
  @com.google.gson.annotations.SerializedName <fields>;
}
-if class * {
  @com.google.gson.annotations.SerializedName <fields>;
}
-keepclassmembers,allowobfuscation,allowoptimization class <1> {
  <init>();
}

# End of content from META-INF\proguard\gson.pro
# The proguard configuration file for the following section is transformed\material-1.11.0\proguard.txt
# Copyright (C) 2015 The Android Open Source Project
#
# Licensed under the Apache License, Version 2.0 (the "License");
# you may not use this file except in compliance with the License.
# You may obtain a copy of the License at
#
#      http://www.apache.org/licenses/LICENSE-2.0
#
# Unless required by applicable law or agreed to in writing, software
# distributed under the License is distributed on an "AS IS" BASIS,
# WITHOUT WARRANTIES OR CONDITIONS OF ANY KIND, either express or implied.
# See the License for the specific language governing permissions and
# limitations under the License.