app/build/outputs/mapping/release/seeds.txt
com.revenueaccount.app.activities.JobDetailsActivity$5
com.revenueaccount.app.activities.CustomersActivity
com.revenueaccount.app.activities.StaffActivity$1
com.revenueaccount.app.R$drawable
com.revenueaccount.app.api.ApiService
com.revenueaccount.app.activities.RedeemVoucherActivity$2
com.revenueaccount.app.activities.JobDetailsActivity$2
com.revenueaccount.app.activities.ForgotPasswordActivity
com.revenueaccount.app.activities.JobsActivity$2
com.revenueaccount.app.activities.TemplatesActivity$1
com.revenueaccount.app.R$color
com.revenueaccount.app.utils.StaffPickerHelper
com.revenueaccount.app.activities.OtpVerifyActivity$1
com.revenueaccount.app.R$layout
com.revenueaccount.app.adapters.ProductAdapter$1
com.revenueaccount.app.activities.InventoryActivity
com.revenueaccount.app.widgets.PatternLockView$OnPatternChangeListener
com.revenueaccount.app.activities.TemplatesActivity
com.revenueaccount.app.activities.NewJobCardActivity$5
com.revenueaccount.app.activities.JobDetailsActivity$6
com.revenueaccount.app.utils.NumUtils
com.revenueaccount.app.R$string
com.revenueaccount.app.activities.JobDetailsActivity$7
com.revenueaccount.app.activities.PrivacyPolicyActivity
com.revenueaccount.app.activities.DeliveryActivity$2
com.revenueaccount.app.activities.DeveloperInfoActivity
com.revenueaccount.app.activities.ShopProfileActivity$1
com.revenueaccount.app.activities.OtpVerifyActivity$4
com.revenueaccount.app.activities.EditJobActivity$2
com.revenueaccount.app.R$xml
com.revenueaccount.app.activities.SettingsActivity
com.revenueaccount.app.activities.SubscriptionActivity
com.revenueaccount.app.activities.RedeemVoucherActivity
com.revenueaccount.app.activities.SubscriptionActivity$4
com.revenueaccount.app.activities.NotificationSettingsActivity
com.revenueaccount.app.api.ApiClient
com.revenueaccount.app.adapters.JobAdapter$VH
com.revenueaccount.app.activities.ActivityLogActivity
com.revenueaccount.app.activities.PrintSettingsActivity$1
com.revenueaccount.app.activities.RegisterActivity$1
com.revenueaccount.app.activities.StaffActivity$4
com.revenueaccount.app.activities.InventoryActivity$2
com.revenueaccount.app.utils.StaffPickerHelper$1
com.revenueaccount.app.adapters.ProductAdapter$VH
com.revenueaccount.app.activities.ActivityLogActivity$LogAdapter$VH
com.revenueaccount.app.activities.DeliveryActivity$4
com.revenueaccount.app.activities.JobDetailsActivity$9
com.revenueaccount.app.activities.EditJobActivity
com.revenueaccount.app.activities.CustomerDetailActivity$1
com.revenueaccount.app.activities.DeliveryActivity$1
com.revenueaccount.app.activities.ForgotPasswordActivity$3
com.revenueaccount.app.activities.ForgotPasswordActivity$1
com.revenueaccount.app.activities.SubscriptionActivity$6
com.revenueaccount.app.activities.ForgotPasswordActivity$2
com.revenueaccount.app.utils.AppToast$Type
com.revenueaccount.app.R$menu
com.revenueaccount.app.adapters.CustomerAdapter$VH
com.revenueaccount.app.activities.ActivityLogActivity$1
com.revenueaccount.app.R$dimen
com.revenueaccount.app.activities.BackupActivity
com.revenueaccount.app.activities.JobDetailsActivity$1
com.revenueaccount.app.activities.CustomersActivity$1
com.revenueaccount.app.activities.JobsActivity
com.revenueaccount.app.activities.LoginActivity
com.revenueaccount.app.activities.SubscriptionActivity$2
com.revenueaccount.app.adapters.StaffAdapter$OnStaffAction
com.revenueaccount.app.activities.NewJobCardActivity
com.revenueaccount.app.activities.RegisterActivity
com.revenueaccount.app.activities.DashboardActivity$1
com.revenueaccount.app.activities.ShopProfileActivity
com.revenueaccount.app.activities.StaffActivity$3
com.revenueaccount.app.activities.CustomersActivity$2
com.revenueaccount.app.adapters.ProductAdapter$OnChanged
com.revenueaccount.app.activities.NewJobCardActivity$6
com.revenueaccount.app.utils.SessionManager
com.revenueaccount.app.activities.OtpVerifyActivity$3
com.revenueaccount.app.activities.ChangePasswordActivity$1
com.revenueaccount.app.activities.StaffActivity
...
androidx.appcompat.widget.AppCompatTextHelper$Api17Impl: void setTextLocale(android.widget.TextView,java.util.Locale)
com.google.gson.internal.bind.TypeAdapters$12: java.lang.Number read(com.google.gson.stream.JsonReader)
com.google.zxing.pdf417.encoder.PDF417HighLevelEncoder$NoECIInput: PDF417HighLevelEncoder$NoECIInput(java.lang.String,com.google.zxing.pdf417.encoder.PDF417HighLevelEncoder$1)
com.google.android.material.chip.Chip: void setTextStartPaddingResource(int)
androidx.core.app.ActivityCompat$Api21Impl: void setEnterSharedElementCallback(android.app.Activity,android.app.SharedElementCallback)
com.google.gson.stream.JsonWriter: com.google.gson.stream.JsonWriter openScope(int,char)
com.google.gson.FieldNamingPolicy: java.lang.String upperCaseFirstLetter(java.lang.String)
androidx.appcompat.app.AppCompatActivity: void openOptionsMenu()
androidx.lifecycle.ReportFragment$LifecycleCallbacks: void onActivityPrePaused(android.app.Activity)
com.journeyapps.barcodescanner.camera.CameraConfigurationUtils: java.lang.String toString(java.lang.Iterable)
com.google.android.material.materialswitch.MaterialSwitch: void setThumbIconTintMode(android.graphics.PorterDuff$Mode)
com.google.gson.internal.NonNullElementWrapperList: boolean contains(java.lang.Object)
com.github.mikephil.charting.charts.Chart: android.graphics.Bitmap getChartBitmap()
com.github.mikephil.charting.renderer.DataRenderer: android.graphics.Paint getPaintRender()
com.google.gson.JsonObject: com.google.gson.JsonObject getAsJsonObject(java.lang.String)
androidx.lifecycle.SavedStateHandlesVM: SavedStateHandlesVM()
androidx.appcompat.app.AppCompatActivity: boolean dispatchKeyEvent(android.view.KeyEvent)
com.journeyapps.barcodescanner.ViewfinderView: void setCameraPreview(com.journeyapps.barcodescanner.CameraPreview)
com.github.mikephil.charting.data.BarData: void setBarWidth(float)
com.github.mikephil.charting.data.BubbleDataSet: void calcMinMax(com.github.mikephil.charting.data.BubbleEntry)
com.journeyapps.barcodescanner.RawImageData: byte[] rotate180(byte[],int,int)
com.journeyapps.barcodescanner.ScanOptions: com.journeyapps.barcodescanner.ScanOptions setCameraId(int)
androidx.core.widget.CompoundButtonCompat$Api21Impl: void setButtonTintMode(android.widget.CompoundButton,android.graphics.PorterDuff$Mode)
com.google.zxing.pdf417.encoder.BarcodeRow: BarcodeRow(int)
com.github.mikephil.charting.interfaces.datasets.IPieDataSet: boolean isValueLineVariableLength()
com.google.gson.internal.bind.JsonElementTypeAdapter: java.lang.Object read(com.google.gson.stream.JsonReader)
com.google.zxing.datamatrix.DataMatrixWriter: com.google.zxing.common.BitMatrix convertByteMatrixToBitMatrix(com.google.zxing.qrcode.encoder.ByteMatrix,int,int)
com.google.zxing.datamatrix.decoder.BitMatrixParser: int readCorner2(int,int)
androidx.core.content.res.ResourcesCompat$Api23Impl: int getColor(android.content.res.Resources,int,android.content.res.Resources$Theme)
com.google.gson.internal.reflect.ReflectionHelper: boolean isAnonymousOrNonStaticLocal(java.lang.Class)
com.github.mikephil.charting.matrix.Vector3: void zero()
com.journeyapps.barcodescanner.CaptureManager: com.google.zxing.client.android.BeepManager access$100(com.journeyapps.barcodescanner.CaptureManager)
com.google.zxing.aztec.encoder.Encoder: int[] bitsToWords(com.google.zxing.common.BitArray,int,int)
com.google.gson.internal.LazilyParsedNumber: double doubleValue()
com.github.mikephil.charting.charts.Chart: com.github.mikephil.charting.highlight.IHighlighter getHighlighter()
com.google.android.material.textfield.TextInputLayout: void setEndIconMode(int)
com.google.android.material.floatingactionbutton.FloatingActionButton: void setCompatPressedTranslationZResource(int)
com.github.mikephil.charting.data.LineDataSet: boolean isDashedLineEnabled()
androidx.core.view.MarginLayoutParamsCompat$Api17Impl: void setMarginEnd(android.view.ViewGroup$MarginLayoutParams,int)