app/build/outputs/mapping/release/usage.txt
com.revenueaccount.app.activities.AboutActivity$$InternalSyntheticLambda$1$99dc4252a1c624749966a5bb922ae33d71311a0b3f45887cf1a085431222edf6$0
com.revenueaccount.app.activities.ActivityLogActivity$$InternalSyntheticLambda$1$c2b20855b7aa9286639f761f665ced2454a270870984978ab62ad29a15202375$0
com.revenueaccount.app.activities.ActivityLogActivity$$InternalSyntheticLambda$1$c2b20855b7aa9286639f761f665ced2454a270870984978ab62ad29a15202375$1
com.revenueaccount.app.activities.BackupActivity$$InternalSyntheticLambda$1$4888a6e66993c0a5d355ce3c8cde0af2fe549c04b82b54b3ab95fca207b2188b$0
com.revenueaccount.app.activities.ChangePasswordActivity$$InternalSyntheticLambda$1$79094ea7b6e5f9e32430269e3bb55cec6175625cbe4ead4c3614af4da9e2d6f4$0
com.revenueaccount.app.activities.CustomerDetailActivity$$InternalSyntheticLambda$1$555dff2c49ca7d3bf63c5747ba61a7b4e3649764d43cb3aab3fd7ee223cb8f55$1
com.revenueaccount.app.activities.CustomerDetailActivity$$InternalSyntheticLambda$1$555dff2c49ca7d3bf63c5747ba61a7b4e3649764d43cb3aab3fd7ee223cb8f55$2
com.revenueaccount.app.activities.CustomersActivity$$InternalSyntheticLambda$1$384cd49b1240a624623c4632f2e69488fa833b224e86f41cc6f0b6b93d9d9d79$1
com.revenueaccount.app.activities.CustomersActivity$$InternalSyntheticLambda$1$384cd49b1240a624623c4632f2e69488fa833b224e86f41cc6f0b6b93d9d9d79$2
com.revenueaccount.app.activities.DashboardActivity$$InternalSyntheticLambda$1$1c86243cdfd140440b1a53a8ae8618ad1545aca985226b4dda37c0e95ad4db2f$0
com.revenueaccount.app.activities.DashboardActivity$$InternalSyntheticLambda$1$1c86243cdfd140440b1a53a8ae8618ad1545aca985226b4dda37c0e95ad4db2f$1
com.revenueaccount.app.activities.DashboardActivity$$InternalSyntheticLambda$1$afa6777756fd63b2858a70779d695591b814e5e67127e3644619af26da76cca7$0
com.revenueaccount.app.activities.DeliveryActivity$$InternalSyntheticLambda$1$6345a7da3cfd5ec48d301e51a81f96f4fa8f4d100b46da5d47288b56565eaa7b$0
com.revenueaccount.app.activities.DeveloperInfoActivity$$InternalSyntheticLambda$1$b0ee3614837bc098e1d3ff88d7aad1d47dd9b3531b957594c8871f074bbce382$1
com.revenueaccount.app.activities.DeveloperInfoActivity$$InternalSyntheticLambda$1$b0ee3614837bc098e1d3ff88d7aad1d47dd9b3531b957594c8871f074bbce382$2
com.revenueaccount.app.activities.DeveloperInfoActivity$$InternalSyntheticLambda$1$b0ee3614837bc098e1d3ff88d7aad1d47dd9b3531b957594c8871f074bbce382$3
com.revenueaccount.app.activities.EditJobActivity$$InternalSyntheticLambda$1$3cd5f0fd3a9830304349eef8ec2959949a81bbe6c1f1bdb214e61b220d7b39fa$1
com.revenueaccount.app.activities.EditJobActivity$$InternalSyntheticLambda$1$3cd5f0fd3a9830304349eef8ec2959949a81bbe6c1f1bdb214e61b220d7b39fa$2
com.revenueaccount.app.activities.EditJobActivity$$InternalSyntheticLambda$1$3cd5f0fd3a9830304349eef8ec2959949a81bbe6c1f1bdb214e61b220d7b39fa$3
com.revenueaccount.app.activities.EditJobActivity$$InternalSyntheticLambda$1$82fe6b53b888d0e3742bb662add8fd8fa4899bc0c0571cd4a79a5ba070288195$1
com.revenueaccount.app.activities.EditJobActivity$$InternalSyntheticLambda$1$82fe6b53b888d0e3742bb662add8fd8fa4899bc0c0571cd4a79a5ba070288195$2
com.revenueaccount.app.activities.ExpensesActivity$$InternalSyntheticLambda$1$fdfe16c54a3c26f4f2645780e22a33455c79f378d4a5a24ffba99b35939d57e9$1
com.revenueaccount.app.activities.ExpensesActivity$$InternalSyntheticLambda$1$fdfe16c54a3c26f4f2645780e22a33455c79f378d4a5a24ffba99b35939d57e9$2
com.revenueaccount.app.activities.ForgotPasswordActivity$$InternalSyntheticLambda$1$6079064c5a63006a6a735666eca53049b4370bd9cb8fd8898ff8c8fa811a473f$1
com.revenueaccount.app.activities.ForgotPasswordActivity$$InternalSyntheticLambda$1$6079064c5a63006a6a735666eca53049b4370bd9cb8fd8898ff8c8fa811a473f$2
com.revenueaccount.app.activities.ForgotPasswordActivity$$InternalSyntheticLambda$1$6079064c5a63006a6a735666eca53049b4370bd9cb8fd8898ff8c8fa811a473f$3
com.revenueaccount.app.activities.InventoryActivity$$InternalSyntheticLambda$1$08458dfae4f358e9eccc98ad1f66f9c479714079d8470980bcbd0361e0a39fb5$2
...
kotlin.Lazy:
    public abstract boolean isInitialized()
kotlin.LazyKt:
    private void <init>()
kotlin.LazyKt__LazyJVMKt$WhenMappings
kotlin.LazyKt__LazyJVMKt:
    public void <init>()
    public static final kotlin.Lazy lazy(java.lang.Object,kotlin.jvm.functions.Function0)
    public static final kotlin.Lazy lazy(kotlin.LazyThreadSafetyMode,kotlin.jvm.functions.Function0)
kotlin.LazyKt__LazyKt:
    public void <init>()
    private static final java.lang.Object getValue(kotlin.Lazy,java.lang.Object,kotlin.reflect.KProperty)
    public static final kotlin.Lazy lazyOf(java.lang.Object)
kotlin.LazyThreadSafetyMode
kotlin.Metadata$DefaultImpls
kotlin.Metadata
kotlin.NoWhenBranchMatchedException
kotlin.NotImplementedError
kotlin.NumbersKt
kotlin.NumbersKt__BigDecimalsKt
kotlin.NumbersKt__BigIntegersKt
kotlin.NumbersKt__FloorDivModKt
kotlin.NumbersKt__NumbersJVMKt
kotlin.NumbersKt__NumbersKt
kotlin.OptIn
kotlin.OptionalExpectation
kotlin.OverloadResolutionByLambdaReturnType
kotlin.Pair:
    public final kotlin.Pair copy(java.lang.Object,java.lang.Object)
    public static synthetic kotlin.Pair copy$default(kotlin.Pair,java.lang.Object,java.lang.Object,int,java.lang.Object)
kotlin.ParameterName
kotlin.PreconditionsKt
kotlin.PreconditionsKt__AssertionsJVMKt
kotlin.PreconditionsKt__PreconditionsKt
kotlin.PropertyReferenceDelegatesKt
kotlin.PublishedApi
kotlin.ReplaceWith
kotlin.RequiresOptIn$Level
kotlin.RequiresOptIn
kotlin.Result$Companion:
    private final java.lang.Object failure(java.lang.Throwable)
    private final java.lang.Object success(java.lang.Object)
kotlin.Result:
    private final java.lang.Object value
    private synthetic void <init>(java.lang.Object)
    public static final synthetic kotlin.Result box-impl(java.lang.Object)
    public boolean equals(java.lang.Object)
    public static boolean equals-impl(java.lang.Object,java.lang.Object)
    public static final boolean equals-impl0(java.lang.Object,java.lang.Object)
    private static final java.lang.Object getOrNull-impl(java.lang.Object)
    public static synthetic void getValue$annotations()
    public int hashCode()
    public static int hashCode-impl(java.lang.Object)
    public java.lang.String toString()
    public static java.lang.String toString-impl(java.lang.Object)
    public final synthetic java.lang.Object unbox-impl()
kotlin.ResultKt:
    private static final java.lang.Object fold(java.lang.Object,kotlin.jvm.functions.Function1,kotlin.jvm.functions.Function1)
    private static final java.lang.Object getOrDefault(java.lang.Object,java.lang.Object)
    private static final java.lang.Object getOrElse(java.lang.Object,kotlin.jvm.functions.Function1)
    private static final java.lang.Object getOrThrow(java.lang.Object)
    private static final java.lang.Object map(java.lang.Object,kotlin.jvm.functions.Function1)
    private static final java.lang.Object mapCatching(java.lang.Object,kotlin.jvm.functions.Function1)
    private static final java.lang.Object onFailure(java.lang.Object,kotlin.jvm.functions.Function1)
    private static final java.lang.Object onSuccess(java.lang.Object,kotlin.jvm.functions.Function1)
    private static final java.lang.Object recover(java.lang.Object,kotlin.jvm.functions.Function1)
    private static final java.lang.Object recoverCatching(java.lang.Object,kotlin.jvm.functions.Function1)
    private static final java.lang.Object runCatching(java.lang.Object,kotlin.jvm.functions.Function1)
    private static final java.lang.Object runCatching(kotlin.jvm.functions.Function0)
kotlin.SafePublicationLazyImpl$Companion
kotlin.SafePublicationLazyImpl
kotlin.SinceKotlin
kotlin.StandardKt
kotlin.StandardKt__StandardKt
kotlin.StandardKt__SynchronizedKt
kotlin.SubclassOptInRequired
kotlin.Suppress
kotlin.SuspendKt
kotlin.SynchronizedLazyImpl:
    private final java.lang.Object writeReplace()
kotlin.ThrowsKt
kotlin.Triple